<?xml version="1.0" ?>
<coverage branch-rate="1" branches-covered="0" branches-valid="0" complexity="0" line-rate="0.625" lines-covered="5" lines-valid="8" timestamp="1559313368010" version="4.5.3">
	<!-- Generated by coverage.py: https://coverage.readthedocs.io -->
	<!-- Based on https://raw.githubusercontent.com/cobertura/web/master/htdocs/xml/coverage-04.dtd -->
	<sources>
		<source>/home/ec2-user/train/python-1/mymath</source>
	</sources>
	<packages>
		<package branch-rate="1" complexity="0" line-rate="0.625" name=".">
			<classes>
				<class branch-rate="1" complexity="0" filename="__init__.py" line-rate="0.625" name="__init__.py">
					<methods/>
					<lines>
						<line hits="1" number="1"/>
						<line hits="1" number="2"/>
						<line hits="1" number="5"/>
						<line hits="0" number="6"/>
						<line hits="1" number="9"/>
						<line hits="0" number="10"/>
						<line hits="1" number="13"/>
						<line hits="0" number="14"/>
					</lines>
				</class>
			</classes>
		</package>
	</packages>
</coverage>
